2022-05-15 17:37:37.784  INFO 27804 --- [restartedMain] s.c.community.CommunityApplication       : Starting CommunityApplication using Java 1.8.0_301 on DESKTOP-OHBQNBG with PID 27804 (C:\Users\Kyle\Desktop\community-final\target\classes started by 30809 in C:\Users\Kyle\Desktop\community-final)
2022-05-15 17:37:37.794  INFO 27804 --- [restartedMain] s.c.community.CommunityApplication       : No active profile set, falling back to default profiles: default
2022-05-15 17:37:37.993  INFO 27804 --- [restartedMain] .e.DevToolsPropertyDefaultsPostProcessor : Devtools property defaults active! Set 'spring.devtools.add-properties' to 'false' to disable
2022-05-15 17:37:37.995  INFO 27804 --- [restartedMain] .e.DevToolsPropertyDefaultsPostProcessor : For additional web related logging consider setting the 'logging.level.web' property to 'DEBUG'
2022-05-15 17:37:41.930  INFO 27804 --- [restartedMain] o.s.b.w.embedded.tomcat.TomcatWebServer  : Tomcat initialized with port(s): 8887 (http)
2022-05-15 17:37:41.981  INFO 27804 --- [restartedMain] o.apache.catalina.core.StandardService   : Starting service [Tomcat]
2022-05-15 17:37:41.982  INFO 27804 --- [restartedMain] org.apache.catalina.core.StandardEngine  : Starting Servlet engine: [Apache Tomcat/9.0.53]
2022-05-15 17:37:42.489  INFO 27804 --- [restartedMain] o.a.c.c.C.[Tomcat].[localhost].[/]       : Initializing Spring embedded WebApplicationContext
2022-05-15 17:37:42.489  INFO 27804 --- [restartedMain] w.s.c.ServletWebServerApplicationContext : Root WebApplicationContext: initialization completed in 4491 ms
2022-05-15 17:37:42.581  INFO 27804 --- [restartedMain] com.zaxxer.hikari.HikariDataSource       : HikariPool-1 - Starting...
2022-05-15 17:37:45.310  INFO 27804 --- [restartedMain] com.zaxxer.hikari.HikariDataSource       : HikariPool-1 - Start completed.
2022-05-15 17:37:45.321  INFO 27804 --- [restartedMain] o.s.b.a.h2.H2ConsoleAutoConfiguration    : H2 console available at '/h2-console'. Database available at 'jdbc:mysql://localhost:3306/community'
2022-05-15 17:37:49.572  INFO 27804 --- [restartedMain] o.s.b.a.w.s.WelcomePageHandlerMapping    : Adding welcome page template: index
2022-05-15 17:37:50.121  INFO 27804 --- [restartedMain] o.s.b.d.a.OptionalLiveReloadServer       : LiveReload server is running on port 35729
2022-05-15 17:37:50.179  INFO 27804 --- [restartedMain] o.s.b.w.embedded.tomcat.TomcatWebServer  : Tomcat started on port(s): 8887 (http) with context path ''
2022-05-15 17:37:50.195  INFO 27804 --- [scheduling-1] s.c.community.schedule.HotTagTasks       : hotTagSchedule start Sun May 15 17:37:50 CST 2022
2022-05-15 17:37:50.201  INFO 27804 --- [restartedMain] s.c.community.CommunityApplication       : Started CommunityApplication in 13.711 seconds (JVM running for 19.151)
2022-05-15 17:37:50.549  INFO 27804 --- [scheduling-1] s.college.community.cache.HotTagCache    : Queue:[HotTagDTO(name=资源分享, priority=10), HotTagDTO(name=校园论坛, priority=11), HotTagDTO(name=学习, priority=24), HotTagDTO(name=java, priority=18), HotTagDTO(name=456, priority=13)]
2022-05-15 17:37:50.550  INFO 27804 --- [scheduling-1] s.c.community.schedule.HotTagTasks       : hotTagSchedule stop Sun May 15 17:37:50 CST 2022
2022-05-15 17:37:55.206  INFO 27804 --- [scheduling-1] s.c.community.schedule.HotTagTasks       : hotTagSchedule start Sun May 15 17:37:55 CST 2022
2022-05-15 17:37:55.223  INFO 27804 --- [scheduling-1] s.college.community.cache.HotTagCache    : Queue:[HotTagDTO(name=资源分享, priority=10), HotTagDTO(name=校园论坛, priority=11), HotTagDTO(name=学习, priority=24), HotTagDTO(name=java, priority=18), HotTagDTO(name=456, priority=13)]
2022-05-15 17:37:55.225  INFO 27804 --- [scheduling-1] s.c.community.schedule.HotTagTasks       : hotTagSchedule stop Sun May 15 17:37:55 CST 2022
2022-05-15 17:38:00.203  INFO 27804 --- [scheduling-1] s.c.community.schedule.HotTagTasks       : hotTagSchedule start Sun May 15 17:38:00 CST 2022
2022-05-15 17:38:00.208  INFO 27804 --- [scheduling-1] s.college.community.cache.HotTagCache    : Queue:[HotTagDTO(name=资源分享, priority=10), HotTagDTO(name=校园论坛, priority=11), HotTagDTO(name=学习, priority=24), HotTagDTO(name=java, priority=18), HotTagDTO(name=456, priority=13)]
2022-05-15 17:38:00.208  INFO 27804 --- [scheduling-1] s.c.community.schedule.HotTagTasks       : hotTagSchedule stop Sun May 15 17:38:00 CST 2022
2022-05-15 17:38:05.205  INFO 27804 --- [scheduling-1] s.c.community.schedule.HotTagTasks       : hotTagSchedule start Sun May 15 17:38:05 CST 2022
2022-05-15 17:38:05.215  INFO 27804 --- [scheduling-1] s.college.community.cache.HotTagCache    : Queue:[HotTagDTO(name=资源分享, priority=10), HotTagDTO(name=校园论坛, priority=11), HotTagDTO(name=学习, priority=24), HotTagDTO(name=java, priority=18), HotTagDTO(name=456, priority=13)]
2022-05-15 17:38:05.217  INFO 27804 --- [scheduling-1] s.c.community.schedule.HotTagTasks       : hotTagSchedule stop Sun May 15 17:38:05 CST 2022
2022-05-15 17:38:10.209  INFO 27804 --- [scheduling-1] s.c.community.schedule.HotTagTasks       : hotTagSchedule start Sun May 15 17:38:10 CST 2022
2022-05-15 17:38:10.215  INFO 27804 --- [scheduling-1] s.college.community.cache.HotTagCache    : Queue:[HotTagDTO(name=资源分享, priority=10), HotTagDTO(name=校园论坛, priority=11), HotTagDTO(name=学习, priority=24), HotTagDTO(name=java, priority=18), HotTagDTO(name=456, priority=13)]
2022-05-15 17:38:10.216  INFO 27804 --- [scheduling-1] s.c.community.schedule.HotTagTasks       : hotTagSchedule stop Sun May 15 17:38:10 CST 2022
2022-05-15 17:38:15.195  INFO 27804 --- [scheduling-1] s.c.community.schedule.HotTagTasks       : hotTagSchedule start Sun May 15 17:38:15 CST 2022
2022-05-15 17:38:15.202  INFO 27804 --- [scheduling-1] s.college.community.cache.HotTagCache    : Queue:[HotTagDTO(name=资源分享, priority=10), HotTagDTO(name=校园论坛, priority=11), HotTagDTO(name=学习, priority=24), HotTagDTO(name=java, priority=18), HotTagDTO(name=456, priority=13)]
2022-05-15 17:38:15.203  INFO 27804 --- [scheduling-1] s.c.community.schedule.HotTagTasks       : hotTagSchedule stop Sun May 15 17:38:15 CST 2022
2022-05-15 17:38:20.207  INFO 27804 --- [scheduling-1] s.c.community.schedule.HotTagTasks       : hotTagSchedule start Sun May 15 17:38:20 CST 2022
2022-05-15 17:38:20.215  INFO 27804 --- [scheduling-1] s.college.community.cache.HotTagCache    : Queue:[HotTagDTO(name=资源分享, priority=10), HotTagDTO(name=校园论坛, priority=11), HotTagDTO(name=学习, priority=24), HotTagDTO(name=java, priority=18), HotTagDTO(name=456, priority=13)]
2022-05-15 17:38:20.215  INFO 27804 --- [scheduling-1] s.c.community.schedule.HotTagTasks       : hotTagSchedule stop Sun May 15 17:38:20 CST 2022
2022-05-15 17:38:25.205  INFO 27804 --- [scheduling-1] s.c.community.schedule.HotTagTasks       : hotTagSchedule start Sun May 15 17:38:25 CST 2022
2022-05-15 17:38:25.212  INFO 27804 --- [scheduling-1] s.college.community.cache.HotTagCache    : Queue:[HotTagDTO(name=资源分享, priority=10), HotTagDTO(name=校园论坛, priority=11), HotTagDTO(name=学习, priority=24), HotTagDTO(name=java, priority=18), HotTagDTO(name=456, priority=13)]
2022-05-15 17:38:25.212  INFO 27804 --- [scheduling-1] s.c.community.schedule.HotTagTasks       : hotTagSchedule stop Sun May 15 17:38:25 CST 2022
2022-05-15 17:38:30.197  INFO 27804 --- [scheduling-1] s.c.community.schedule.HotTagTasks       : hotTagSchedule start Sun May 15 17:38:30 CST 2022
2022-05-15 17:38:30.201  INFO 27804 --- [scheduling-1] s.college.community.cache.HotTagCache    : Queue:[HotTagDTO(name=资源分享, priority=10), HotTagDTO(name=校园论坛, priority=11), HotTagDTO(name=学习, priority=24), HotTagDTO(name=java, priority=18), HotTagDTO(name=456, priority=13)]
2022-05-15 17:38:30.202  INFO 27804 --- [scheduling-1] s.c.community.schedule.HotTagTasks       : hotTagSchedule stop Sun May 15 17:38:30 CST 2022
2022-05-15 17:38:35.197  INFO 27804 --- [scheduling-1] s.c.community.schedule.HotTagTasks       : hotTagSchedule start Sun May 15 17:38:35 CST 2022
2022-05-15 17:38:35.205  INFO 27804 --- [scheduling-1] s.college.community.cache.HotTagCache    : Queue:[HotTagDTO(name=资源分享, priority=10), HotTagDTO(name=校园论坛, priority=11), HotTagDTO(name=学习, priority=24), HotTagDTO(name=java, priority=18), HotTagDTO(name=456, priority=13)]
2022-05-15 17:38:35.206  INFO 27804 --- [scheduling-1] s.c.community.schedule.HotTagTasks       : hotTagSchedule stop Sun May 15 17:38:35 CST 2022
2022-05-15 17:38:40.202  INFO 27804 --- [scheduling-1] s.c.community.schedule.HotTagTasks       : hotTagSchedule start Sun May 15 17:38:40 CST 2022
2022-05-15 17:38:40.206  INFO 27804 --- [scheduling-1] s.college.community.cache.HotTagCache    : Queue:[HotTagDTO(name=资源分享, priority=10), HotTagDTO(name=校园论坛, priority=11), HotTagDTO(name=学习, priority=24), HotTagDTO(name=java, priority=18), HotTagDTO(name=456, priority=13)]
2022-05-15 17:38:40.207  INFO 27804 --- [scheduling-1] s.c.community.schedule.HotTagTasks       : hotTagSchedule stop Sun May 15 17:38:40 CST 2022
2022-05-15 17:38:45.196  INFO 27804 --- [scheduling-1] s.c.community.schedule.HotTagTasks       : hotTagSchedule start Sun May 15 17:38:45 CST 2022
2022-05-15 17:38:45.205  INFO 27804 --- [scheduling-1] s.college.community.cache.HotTagCache    : Queue:[HotTagDTO(name=资源分享, priority=10), HotTagDTO(name=校园论坛, priority=11), HotTagDTO(name=学习, priority=24), HotTagDTO(name=java, priority=18), HotTagDTO(name=456, priority=13)]
2022-05-15 17:38:45.206  INFO 27804 --- [scheduling-1] s.c.community.schedule.HotTagTasks       : hotTagSchedule stop Sun May 15 17:38:45 CST 2022
2022-05-15 17:38:50.207  INFO 27804 --- [scheduling-1] s.c.community.schedule.HotTagTasks       : hotTagSchedule start Sun May 15 17:38:50 CST 2022
2022-05-15 17:38:50.213  INFO 27804 --- [scheduling-1] s.college.community.cache.HotTagCache    : Queue:[HotTagDTO(name=资源分享, priority=10), HotTagDTO(name=校园论坛, priority=11), HotTagDTO(name=学习, priority=24), HotTagDTO(name=java, priority=18), HotTagDTO(name=456, priority=13)]
2022-05-15 17:38:50.214  INFO 27804 --- [scheduling-1] s.c.community.schedule.HotTagTasks       : hotTagSchedule stop Sun May 15 17:38:50 CST 2022
2022-05-15 17:38:55.196  INFO 27804 --- [scheduling-1] s.c.community.schedule.HotTagTasks       : hotTagSchedule start Sun May 15 17:38:55 CST 2022
2022-05-15 17:38:55.200  INFO 27804 --- [scheduling-1] s.college.community.cache.HotTagCache    : Queue:[HotTagDTO(name=资源分享, priority=10), HotTagDTO(name=校园论坛, priority=11), HotTagDTO(name=学习, priority=24), HotTagDTO(name=java, priority=18), HotTagDTO(name=456, priority=13)]
2022-05-15 17:38:55.201  INFO 27804 --- [scheduling-1] s.c.community.schedule.HotTagTasks       : hotTagSchedule stop Sun May 15 17:38:55 CST 2022
2022-05-15 17:39:00.207  INFO 27804 --- [scheduling-1] s.c.community.schedule.HotTagTasks       : hotTagSchedule start Sun May 15 17:39:00 CST 2022
2022-05-15 17:39:00.211  INFO 27804 --- [scheduling-1] s.college.community.cache.HotTagCache    : Queue:[HotTagDTO(name=资源分享, priority=10), HotTagDTO(name=校园论坛, priority=11), HotTagDTO(name=学习, priority=24), HotTagDTO(name=java, priority=18), HotTagDTO(name=456, priority=13)]
2022-05-15 17:39:00.211  INFO 27804 --- [scheduling-1] s.c.community.schedule.HotTagTasks       : hotTagSchedule stop Sun May 15 17:39:00 CST 2022
2022-05-15 17:39:05.207  INFO 27804 --- [scheduling-1] s.c.community.schedule.HotTagTasks       : hotTagSchedule start Sun May 15 17:39:05 CST 2022
2022-05-15 17:39:05.214  INFO 27804 --- [scheduling-1] s.college.community.cache.HotTagCache    : Queue:[HotTagDTO(name=资源分享, priority=10), HotTagDTO(name=校园论坛, priority=11), HotTagDTO(name=学习, priority=24), HotTagDTO(name=java, priority=18), HotTagDTO(name=456, priority=13)]
2022-05-15 17:39:05.215  INFO 27804 --- [scheduling-1] s.c.community.schedule.HotTagTasks       : hotTagSchedule stop Sun May 15 17:39:05 CST 2022
2022-05-15 17:39:10.195  INFO 27804 --- [scheduling-1] s.c.community.schedule.HotTagTasks       : hotTagSchedule start Sun May 15 17:39:10 CST 2022
2022-05-15 17:39:10.200  INFO 27804 --- [scheduling-1] s.college.community.cache.HotTagCache    : Queue:[HotTagDTO(name=资源分享, priority=10), HotTagDTO(name=校园论坛, priority=11), HotTagDTO(name=学习, priority=24), HotTagDTO(name=java, priority=18), HotTagDTO(name=456, priority=13)]
2022-05-15 17:39:10.200  INFO 27804 --- [scheduling-1] s.c.community.schedule.HotTagTasks       : hotTagSchedule stop Sun May 15 17:39:10 CST 2022
2022-05-15 17:39:15.199  INFO 27804 --- [scheduling-1] s.c.community.schedule.HotTagTasks       : hotTagSchedule start Sun May 15 17:39:15 CST 2022
2022-05-15 17:39:15.204  INFO 27804 --- [scheduling-1] s.college.community.cache.HotTagCache    : Queue:[HotTagDTO(name=资源分享, priority=10), HotTagDTO(name=校园论坛, priority=11), HotTagDTO(name=学习, priority=24), HotTagDTO(name=java, priority=18), HotTagDTO(name=456, priority=13)]
2022-05-15 17:39:15.205  INFO 27804 --- [scheduling-1] s.c.community.schedule.HotTagTasks       : hotTagSchedule stop Sun May 15 17:39:15 CST 2022
2022-05-15 17:39:20.211  INFO 27804 --- [scheduling-1] s.c.community.schedule.HotTagTasks       : hotTagSchedule start Sun May 15 17:39:20 CST 2022
2022-05-15 17:39:20.215  INFO 27804 --- [scheduling-1] s.college.community.cache.HotTagCache    : Queue:[HotTagDTO(name=资源分享, priority=10), HotTagDTO(name=校园论坛, priority=11), HotTagDTO(name=学习, priority=24), HotTagDTO(name=java, priority=18), HotTagDTO(name=456, priority=13)]
2022-05-15 17:39:20.216  INFO 27804 --- [scheduling-1] s.c.community.schedule.HotTagTasks       : hotTagSchedule stop Sun May 15 17:39:20 CST 2022
2022-05-15 17:39:25.208  INFO 27804 --- [scheduling-1] s.c.community.schedule.HotTagTasks       : hotTagSchedule start Sun May 15 17:39:25 CST 2022
2022-05-15 17:39:25.214  INFO 27804 --- [scheduling-1] s.college.community.cache.HotTagCache    : Queue:[HotTagDTO(name=资源分享, priority=10), HotTagDTO(name=校园论坛, priority=11), HotTagDTO(name=学习, priority=24), HotTagDTO(name=java, priority=18), HotTagDTO(name=456, priority=13)]
2022-05-15 17:39:25.215  INFO 27804 --- [scheduling-1] s.c.community.schedule.HotTagTasks       : hotTagSchedule stop Sun May 15 17:39:25 CST 2022
2022-05-15 17:39:30.208  INFO 27804 --- [scheduling-1] s.c.community.schedule.HotTagTasks       : hotTagSchedule start Sun May 15 17:39:30 CST 2022
2022-05-15 17:39:30.214  INFO 27804 --- [scheduling-1] s.college.community.cache.HotTagCache    : Queue:[HotTagDTO(name=资源分享, priority=10), HotTagDTO(name=校园论坛, priority=11), HotTagDTO(name=学习, priority=24), HotTagDTO(name=java, priority=18), HotTagDTO(name=456, priority=13)]
